<?xml version="1.0" encoding="UTF-8"?>
<!-- Generated by org.testng.reporters.JUnitReportReporter -->
<testsuite hostname="DESKTOP-3MTQQQJ" failures="0" tests="1" name="test.L2Test" time="45.159" errors="0" timestamp="2023-11-05T14:50:15 BDT" skipped="0">
  <testcase classname="test.L2Test" name="Test" time="45.159"/>
</testsuite> <!-- test.L2Test -->
